2026-01-10 19:13:11,236 - AUTO_PILOT - Auto-Pilot Started. Monitoring pipeline...
2026-01-10 19:13:11,237 - AUTO_PILOT - Triggering FETCH...
2026-01-10 19:13:11,237 - AUTO_PILOT - Starting process: ['/usr/local/bin/python', '/app/stock_ticker/main.py', '--fetch-only']
2026-01-10 19:15:11,338 - AUTO_PILOT - Triggering FETCH...
2026-01-10 19:15:11,339 - AUTO_PILOT - Starting process: ['/usr/local/bin/python', '/app/stock_ticker/main.py', '--fetch-only']
2026-01-10 19:17:11,434 - AUTO_PILOT - Triggering FETCH...
2026-01-10 19:17:11,435 - AUTO_PILOT - Starting process: ['/usr/local/bin/python', '/app/stock_ticker/main.py', '--fetch-only']
2026-01-10 19:19:11,538 - AUTO_PILOT - Triggering FETCH...
2026-01-10 19:19:11,540 - AUTO_PILOT - Starting process: ['/usr/local/bin/python', '/app/stock_ticker/main.py', '--fetch-only']
2026-01-10 19:21:11,553 - AUTO_PILOT - Triggering FETCH...
2026-01-10 19:21:11,554 - AUTO_PILOT - Starting process: ['/usr/local/bin/python', '/app/stock_ticker/main.py', '--fetch-only']
2026-01-10 19:22:16,101 - AUTO_PILOT - Auto-Pilot Started. Monitoring pipeline...
2026-01-10 19:22:16,102 - AUTO_PILOT - Triggering FETCH...
2026-01-10 19:22:16,103 - AUTO_PILOT - Starting process: ['/usr/local/bin/python', '/app/stock_ticker/main.py', '--fetch-only']
2026-01-10 19:24:16,208 - AUTO_PILOT - Triggering FETCH...
2026-01-10 19:24:16,210 - AUTO_PILOT - Starting process: ['/usr/local/bin/python', '/app/stock_ticker/main.py', '--fetch-only']
2026-01-10 19:26:16,272 - AUTO_PILOT - Triggering FETCH...
2026-01-10 19:26:16,273 - AUTO_PILOT - Starting process: ['/usr/local/bin/python', '/app/stock_ticker/main.py', '--fetch-only']
2026-01-10 19:28:16,390 - AUTO_PILOT - Triggering FETCH...
2026-01-10 19:28:16,393 - AUTO_PILOT - Starting process: ['/usr/local/bin/python', '/app/stock_ticker/main.py', '--fetch-only']
2026-01-10 19:30:16,485 - AUTO_PILOT - Triggering MODEL...
2026-01-10 19:30:16,487 - AUTO_PILOT - Starting process: ['/usr/local/bin/python', '/app/stock_ticker/main.py', '--analyze-only']
2026-01-10 19:34:22,192 - AUTO_PILOT - Auto-Pilot Loop Error: maximum recursion depth exceeded while calling a Python object
2026-01-10 19:35:27,965 - AUTO_PILOT - Auto-Pilot Loop Error: maximum recursion depth exceeded while calling a Python object
2026-01-10 19:36:41,070 - AUTO_PILOT - Auto-Pilot Loop Error: maximum recursion depth exceeded while calling a Python object
2026-01-10 19:37:45,984 - AUTO_PILOT - Auto-Pilot Loop Error: maximum recursion depth exceeded while calling a Python object
